make all --print-data-base --no-builtin-variables --no-builtin-rules --question
# GNU Make 4.3
# Built for x86_64-pc-linux-gnu
# Copyright (C) 1988-2020 Free Software Foundation, Inc.
# License GPLv3+: GNU GPL version 3 or later <http://gnu.org/licenses/gpl.html>
# This is free software: you are free to change and redistribute it.
# There is NO WARRANTY, to the extent permitted by law.

# Make data base, printed on Sat Jun 26 19:27:00 2021

# Variables

# environment
GDK_BACKEND = x11
# environment
LC_ALL = C
# environment
NO_AT_BRIDGE = 1
# environment
VSCODE_IPC_HOOK_EXTHOST = /run/user/1000/vscode-ipc-fadf072b-0e0e-4f0c-83ef-4dc4ec9f9fef.sock
# environment
LC_NAME = es_CL.UTF-8
# environment
LC_NUMERIC = es_CL.UTF-8
# environment
VSCODE_CWD = /home/jaimefdz
# environment
LC_ADDRESS = es_CL.UTF-8
# environment
GDM_LANG = en_US.utf8
# default
MAKE_COMMAND := make
# automatic
@D = $(patsubst %/,%,$(dir $@))
# environment
VSCODE_HANDLES_UNCAUGHT_ERRORS = true
# default
.VARIABLES := 
# environment
PWD = /home/jaimefdz/Documents/PBN/Tarea
# makefile (from 'makefile', line 4)
deps = country.o city.o
# automatic
%D = $(patsubst %/,%,$(dir $%))
# environment
MAIL = /var/spool/mail/jaimefdz
# environment
XDG_DATA_DIRS = /usr/local/share:/usr/share
# automatic
^D = $(patsubst %/,%,$(dir $^))
# environment
VSCODE_LOG_STACK = false
# automatic
%F = $(notdir $%)
# environment
XDG_SESSION_PATH = /org/freedesktop/DisplayManager/Session0
# environment
LANG = C
# environment
XAUTHORITY = /home/jaimefdz/.Xauthority
# default
.LOADED := 
# default
.INCLUDE_DIRS = /usr/include /usr/local/include /usr/include
# makefile
MAKEFLAGS = pqrR
# makefile
CURDIR := /home/jaimefdz/Documents/PBN/Tarea
# environment
VSCODE_PIPE_LOGGING = true
# environment
APPLICATION_INSIGHTS_NO_DIAGNOSTIC_CHANNEL = true
# automatic
*D = $(patsubst %/,%,$(dir $*))
# environment
MFLAGS = -pqrR
# environment
SSH_AUTH_SOCK = /tmp/ssh-XXXXXX7htG6W/agent.757
# default
.SHELLFLAGS := -c
# environment
XDG_CONFIG_DIRS = /etc/xdg
# automatic
+D = $(patsubst %/,%,$(dir $+))
# environment
XDG_SESSION_DESKTOP = xfce
# environment
VSCODE_CRASH_REPORTER_START_OPTIONS = {"companyName":"Microsoft","productName":"Code - OSS","submitURL":"","uploadToServer":false}
# makefile (from 'makefile', line 1)
MAKEFILE_LIST := makefile
# automatic
@F = $(notdir $@)
# environment
VSCODE_VERBOSE_LOGGING = true
# environment
VSCODE_PID = 1104
# environment
XDG_SESSION_TYPE = x11
# automatic
?D = $(patsubst %/,%,$(dir $?))
# environment
SESSION_MANAGER = local/jaime-fdz:@/tmp/.ICE-unix/691,unix/jaime-fdz:/tmp/.ICE-unix/691
# automatic
*F = $(notdir $*)
# environment
QT_QPA_PLATFORMTHEME = qt5ct
# environment
CHROME_DESKTOP = code-oss.desktop
# environment
DBUS_SESSION_BUS_ADDRESS = unix:path=/run/user/1000/bus
# automatic
<D = $(patsubst %/,%,$(dir $<))
# environment
VSCODE_NLS_CONFIG = {"locale":"en-us","availableLanguages":{},"_languagePackSupport":true}
# makefile (from 'makefile', line 3)
exe = builder.exe
# environment
BREAKPAD_DUMP_LOCATION = /home/jaimefdz/.config/Code - OSS/exthost Crash Reports
# default
MAKE_HOST := x86_64-pc-linux-gnu
# makefile
SHELL = /bin/sh
# default
MAKECMDGOALS := all
# environment
SHLVL = 0
# environment
MAKELEVEL := 0
# default
MAKE = $(MAKE_COMMAND)
# environment
PATH = /home/jaimefdz/.local/bin:/usr/local/bin:/usr/bin:/bin:/usr/local/sbin:/usr/bin/site_perl:/usr/bin/vendor_perl:/usr/bin/core_perl
# default
MAKEFILES := 
# environment
LC_MONETARY = es_CL.UTF-8
# environment
MOTD_SHOWN = pam
# automatic
^F = $(notdir $^)
# environment
LC_TIME = es_CL.UTF-8
# makefile (from 'makefile', line 6)
lib = libroadBuilder.so
# environment
VSCODE_LOG_NATIVE = false
# environment
LC_TELEPHONE = es_CL.UTF-8
# automatic
?F = $(notdir $?)
# environment
XDG_SEAT = seat0
# environment
XDG_CURRENT_DESKTOP = XFCE
# automatic
+F = $(notdir $+)
# environment
XDG_SEAT_PATH = /org/freedesktop/DisplayManager/Seat0
# environment
DESKTOP_SESSION = xfce
# environment
ORIGINAL_XDG_CURRENT_DESKTOP = XFCE
# 'override' directive
GNUMAKEFLAGS := 
# environment
LOGNAME = jaimefdz
# environment
XDG_VTNR = 7
# makefile
.DEFAULT_GOAL := builder.exe
# environment
EDITOR = /usr/bin/nano
# environment
DISPLAY = :0.0
# environment
GTK_MODULES = canberra-gtk-module:canberra-gtk-module
# environment
USER = jaimefdz
# makefile (from 'makefile', line 5)
hs = country.h city.h
# default
MAKE_VERSION := 4.3
# environment
LC_MEASUREMENT = es_CL.UTF-8
# environment
SSH_AGENT_PID = 758
# environment
VSCODE_NODE_CACHED_DATA_DIR = /home/jaimefdz/.config/Code - OSS/CachedData/054a9295330880ed74ceaedda236253b4f39a335
# environment
_ = /usr/bin/make
# environment
LC_PAPER = es_CL.UTF-8
# environment
XDG_RUNTIME_DIR = /run/user/1000
# environment
XDG_SESSION_CLASS = user
# environment
VSCODE_AMD_ENTRYPOINT = vs/workbench/services/extensions/node/extensionHostProcess
# environment
GTK2_RC_FILES = /home/jaimefdz/.gtkrc-2.0
# environment
HOME = /home/jaimefdz
# environment
ELECTRON_RUN_AS_NODE = 1
# environment
VSCODE_IPC_HOOK = /run/user/1000/vscode-d64d9af0-1.56.2-main.sock
# environment
XDG_SESSION_ID = 1
# environment
PANEL_GDK_CORE_DEVICE_EVENTS = 0
# default
.RECIPEPREFIX := 
# automatic
<F = $(notdir $<)
# default
SUFFIXES := 
# environment
QT_AUTO_SCREEN_SCALE_FACTOR = 0
# environment
VSCODE_CLI = 1
# environment
ELECTRON_NO_ATTACH_CONSOLE = 1
# environment
XDG_GREETER_DATA_DIR = /var/lib/lightdm-data/jaimefdz
# default
.FEATURES := target-specific order-only second-expansion else-if shortest-stem undefine oneshell nocomment grouped-target extra-prereqs archives jobserver output-sync check-symlink guile load
# makefile (from 'makefile', line 1)
CC = g++
# environment
XDG_MENU_PREFIX = xfce-
# makefile (from 'makefile', line 2)
flags = -std=c++11 -Wall -Wextra -Wundef -Werror -Wuninitialized -Winit-self
# environment
GDMSESSION = xfce
# environment
LC_IDENTIFICATION = es_CL.UTF-8
# variable set hash-table stats:
# Load=112/1024=11%, Rehash=0, Collisions=7/147=5%

# Pattern-specific Variable Values

# No pattern-specific variable values.

# Directories

# . (device 2049, inode 158214): 14 files, no impossibilities.

# 14 files, no impossibilities in 1 directories.

# Implicit Rules

%.o: %.cpp %.h
#  recipe to execute (from 'makefile', line 16):
	$(CC) $(flags) -fPIC -o $@ $< -c

# 1 implicit rules, 0 (0.0%) terminal.
# Files

# Not a target:
country.o:
#  Implicit rule search has not been done.
#  Modification time never checked.
#  File has not been updated.

# Not a target:
city.o:
#  Implicit rule search has not been done.
#  Modification time never checked.
#  File has not been updated.

builder.exe: main.o libroadBuilder.so
#  Implicit rule search has not been done.
#  Modification time never checked.
#  File has not been updated.
#  recipe to execute (from 'makefile', line 9):
	$(CC) main.o -o $(exe) -Wl,-rpath=/usr/lib -L/usr/lib -lroadBuilder

clean:
#  Implicit rule search has not been done.
#  Modification time never checked.
#  File has not been updated.
#  recipe to execute (from 'makefile', line 26):
	rm -f *.o *.so $(exe)

libroadBuilder.so: country.o city.o
#  Implicit rule search has not been done.
#  Modification time never checked.
#  File has not been updated.
#  recipe to execute (from 'makefile', line 12):
	$(CC) -shared $^ -o $(lib)
	sudo mv $(lib) /usr/lib

# Not a target:
.DEFAULT:
#  Implicit rule search has not been done.
#  Modification time never checked.
#  File has not been updated.

# Not a target:
all:
#  Command line target.
#  Implicit rule search has been done.
#  File does not exist.
#  File has not been updated.

run:
#  Implicit rule search has not been done.
#  Modification time never checked.
#  File has not been updated.
#  recipe to execute (from 'makefile', line 22):
	make
	./$(exe)

# Not a target:
main.cpp:
#  Implicit rule search has not been done.
#  Modification time never checked.
#  File has not been updated.

main.o: main.cpp country.h city.h
#  Implicit rule search has not been done.
#  Modification time never checked.
#  File has not been updated.
#  recipe to execute (from 'makefile', line 19):
	$(CC) $(flags) -o $@ $< -c

# Not a target:
makefile:
#  Implicit rule search has been done.
#  Last modified 2021-06-19 13:37:28.959052652
#  File has been updated.
#  Successfully updated.

# Not a target:
country.h:
#  Implicit rule search has not been done.
#  Modification time never checked.
#  File has not been updated.

# Not a target:
city.h:
#  Implicit rule search has not been done.
#  Modification time never checked.
#  File has not been updated.

# files hash-table stats:
# Load=14/1024=1%, Rehash=0, Collisions=2/33=6%
# VPATH Search Paths

# No 'vpath' search paths.

# No general ('VPATH' variable) search path.

# strcache buffers: 1 (0) / strings = 25 / storage = 207 B / avg = 8 B
# current buf: size = 8162 B / used = 207 B / count = 25 / avg = 8 B

# strcache performance: lookups = 43 / hit rate = 41%
# hash-table stats:
# Load=25/8192=0%, Rehash=0, Collisions=2/43=5%
# Finished Make data base on Sat Jun 26 19:27:00 2021

 
make: *** No rule to make target 'all'.  Stop.
 
